-------------------------------------------------------------------------------
Test set: com.example.demo.NewsAggregatorBackendApplicationTests
-------------------------------------------------------------------------------
Tests run: 1, Failures: 0, Errors: 1, Skipped: 0, Time elapsed: 0.271 s <<< FAILURE! - in com.example.demo.NewsAggregatorBackendApplicationTests
initializationError(com.example.demo.NewsAggregatorBackendApplicationTests)  Time elapsed: 0.005 s  <<< ERROR!
java.lang.IllegalStateException: Unable to find a @SpringBootConfiguration, you need to use @ContextConfiguration or @SpringBootTest(classes=...) with your test

